{"contracts\\FundMe.sol":{"l":{"28":2,"29":2,"33":3,"34":2,"38":3,"39":3,"40":3,"41":3,"45":5,"46":5,"47":4,"55":2,"60":0,"61":0,"62":0,"63":0,"64":0,"65":0,"66":0,"70":0,"71":0,"72":0,"73":0,"74":0,"75":0,"76":0,"77":0,"81":0,"82":0,"86":0,"91":11,"98":11,"102":11,"103":11},"path":"G:\\git_hub\\solidity_test\\hardhat2_test\\contracts\\FundMe.sol","s":{"1":2,"2":3,"3":5,"4":5,"5":2,"6":0,"7":0,"8":0,"9":0,"10":0,"11":0,"12":0,"13":0,"14":0,"15":0,"16":0,"17":11,"18":11,"19":11,"20":11},"b":{"1":[2,0],"2":[2,1],"3":[5,0],"4":[4,1],"5":[2,0],"6":[2,0],"7":[0,2],"8":[0,0],"9":[0,1],"10":[0,0],"11":[0,0],"12":[0,0],"13":[0,0],"14":[0,0],"15":[0,0]},"f":{"1":2,"2":3,"3":3,"4":5,"5":2,"6":0,"7":0,"8":0,"9":11,"10":11},"fnMap":{"1":{"name":"onlyOwner","line":27,"loc":{"start":{"line":27,"column":4},"end":{"line":30,"column":4}}},"2":{"name":"windowClosed","line":32,"loc":{"start":{"line":32,"column":4},"end":{"line":35,"column":4}}},"3":{"name":"constructor","line":37,"loc":{"start":{"line":37,"column":4},"end":{"line":42,"column":4}}},"4":{"name":"fund","line":44,"loc":{"start":{"line":44,"column":4},"end":{"line":48,"column":4}}},"5":{"name":"getFund","line":54,"loc":{"start":{"line":54,"column":4},"end":{"line":67,"column":4}}},"6":{"name":"refund","line":69,"loc":{"start":{"line":69,"column":4},"end":{"line":78,"column":4}}},"7":{"name":"setFuntToAmount","line":80,"loc":{"start":{"line":80,"column":4},"end":{"line":83,"column":4}}},"8":{"name":"transferOwnership","line":85,"loc":{"start":{"line":85,"column":4},"end":{"line":87,"column":4}}},"9":{"name":"getChainlinkDataFeedLatestAnswer","line":89,"loc":{"start":{"line":89,"column":4},"end":{"line":99,"column":4}}},"10":{"name":"convertEthToUsd","line":101,"loc":{"start":{"line":101,"column":4},"end":{"line":104,"column":4}}}},"statementMap":{"1":{"start":{"line":28,"column":8},"end":{"line":28,"column":77}},"2":{"start":{"line":33,"column":8},"end":{"line":33,"column":89}},"3":{"start":{"line":45,"column":8},"end":{"line":45,"column":76}},"4":{"start":{"line":46,"column":8},"end":{"line":46,"column":85}},"5":{"start":{"line":55,"column":8},"end":{"line":55,"column":89}},"6":{"start":{"line":60,"column":8},"end":{"line":60,"column":20}},"7":{"start":{"line":61,"column":8},"end":{"line":61,"column":47}},"8":{"start":{"line":63,"column":8},"end":{"line":63,"column":27}},"9":{"start":{"line":66,"column":8},"end":{"line":66,"column":41}},"10":{"start":{"line":70,"column":8},"end":{"line":70,"column":84}},"11":{"start":{"line":71,"column":8},"end":{"line":71,"column":76}},"12":{"start":{"line":72,"column":8},"end":{"line":72,"column":20}},"13":{"start":{"line":73,"column":8},"end":{"line":73,"column":53}},"14":{"start":{"line":75,"column":8},"end":{"line":75,"column":45}},"15":{"start":{"line":77,"column":8},"end":{"line":77,"column":48}},"16":{"start":{"line":81,"column":8},"end":{"line":81,"column":91}},"17":{"start":{"line":91,"column":8},"end":{"line":91,"column":3285}},"18":{"start":{"line":98,"column":8},"end":{"line":98,"column":21}},"19":{"start":{"line":102,"column":8},"end":{"line":102,"column":70}},"20":{"start":{"line":103,"column":8},"end":{"line":103,"column":47}}},"branchMap":{"1":{"line":28,"type":"if","locations":[{"start":{"line":28,"column":8},"end":{"line":28,"column":8}},{"start":{"line":28,"column":8},"end":{"line":28,"column":8}}]},"2":{"line":33,"type":"if","locations":[{"start":{"line":33,"column":8},"end":{"line":33,"column":8}},{"start":{"line":33,"column":8},"end":{"line":33,"column":8}}]},"3":{"line":45,"type":"if","locations":[{"start":{"line":45,"column":8},"end":{"line":45,"column":8}},{"start":{"line":45,"column":8},"end":{"line":45,"column":8}}]},"4":{"line":46,"type":"if","locations":[{"start":{"line":46,"column":8},"end":{"line":46,"column":8}},{"start":{"line":46,"column":8},"end":{"line":46,"column":8}}]},"5":{"line":54,"type":"if","locations":[{"start":{"line":54,"column":40},"end":{"line":54,"column":40}},{"start":{"line":54,"column":40},"end":{"line":54,"column":40}}]},"6":{"line":54,"type":"if","locations":[{"start":{"line":54,"column":50},"end":{"line":54,"column":50}},{"start":{"line":54,"column":50},"end":{"line":54,"column":50}}]},"7":{"line":55,"type":"if","locations":[{"start":{"line":55,"column":8},"end":{"line":55,"column":8}},{"start":{"line":55,"column":8},"end":{"line":55,"column":8}}]},"8":{"line":63,"type":"if","locations":[{"start":{"line":63,"column":8},"end":{"line":63,"column":8}},{"start":{"line":63,"column":8},"end":{"line":63,"column":8}}]},"9":{"line":69,"type":"if","locations":[{"start":{"line":69,"column":31},"end":{"line":69,"column":31}},{"start":{"line":69,"column":31},"end":{"line":69,"column":31}}]},"10":{"line":70,"type":"if","locations":[{"start":{"line":70,"column":8},"end":{"line":70,"column":8}},{"start":{"line":70,"column":8},"end":{"line":70,"column":8}}]},"11":{"line":71,"type":"if","locations":[{"start":{"line":71,"column":8},"end":{"line":71,"column":8}},{"start":{"line":71,"column":8},"end":{"line":71,"column":8}}]},"12":{"line":75,"type":"if","locations":[{"start":{"line":75,"column":8},"end":{"line":75,"column":8}},{"start":{"line":75,"column":8},"end":{"line":75,"column":8}}]},"13":{"line":81,"type":"if","locations":[{"start":{"line":81,"column":8},"end":{"line":81,"column":8}},{"start":{"line":81,"column":8},"end":{"line":81,"column":8}}]},"14":{"line":85,"type":"if","locations":[{"start":{"line":85,"column":58},"end":{"line":85,"column":58}},{"start":{"line":85,"column":58},"end":{"line":85,"column":58}}]},"15":{"line":85,"type":"if","locations":[{"start":{"line":85,"column":71},"end":{"line":85,"column":71}},{"start":{"line":85,"column":71},"end":{"line":85,"column":71}}]}}},"contracts\\MERC20.sol":{"l":{"11":0,"15":0,"16":0,"17":0,"18":0,"23":0,"24":0,"27":0},"path":"G:\\git_hub\\solidity_test\\hardhat2_test\\contracts\\MERC20.sol","s":{"1":0,"2":0,"3":0,"4":0,"5":0,"6":0,"7":0},"b":{"1":[0,0],"2":[0,0],"3":[0,0],"4":[0,0]},"f":{"1":0,"2":0,"3":0},"fnMap":{"1":{"name":"constructor","line":10,"loc":{"start":{"line":10,"column":4},"end":{"line":12,"column":4}}},"2":{"name":"mint","line":14,"loc":{"start":{"line":14,"column":4},"end":{"line":19,"column":4}}},"3":{"name":"claim","line":21,"loc":{"start":{"line":21,"column":4},"end":{"line":28,"column":4}}}},"statementMap":{"1":{"start":{"line":15,"column":8},"end":{"line":15,"column":102}},"2":{"start":{"line":16,"column":8},"end":{"line":16,"column":74}},"3":{"start":{"line":17,"column":8},"end":{"line":17,"column":38}},"4":{"start":{"line":18,"column":8},"end":{"line":18,"column":92}},"5":{"start":{"line":23,"column":8},"end":{"line":23,"column":91}},"6":{"start":{"line":24,"column":8},"end":{"line":24,"column":74}},"7":{"start":{"line":27,"column":8},"end":{"line":27,"column":39}}},"branchMap":{"1":{"line":15,"type":"if","locations":[{"start":{"line":15,"column":8},"end":{"line":15,"column":8}},{"start":{"line":15,"column":8},"end":{"line":15,"column":8}}]},"2":{"line":16,"type":"if","locations":[{"start":{"line":16,"column":8},"end":{"line":16,"column":8}},{"start":{"line":16,"column":8},"end":{"line":16,"column":8}}]},"3":{"line":23,"type":"if","locations":[{"start":{"line":23,"column":8},"end":{"line":23,"column":8}},{"start":{"line":23,"column":8},"end":{"line":23,"column":8}}]},"4":{"line":24,"type":"if","locations":[{"start":{"line":24,"column":8},"end":{"line":24,"column":8}},{"start":{"line":24,"column":8},"end":{"line":24,"column":8}}]}}},"contracts\\mocks\\MockV3Aggregator.sol":{"l":{},"path":"G:\\git_hub\\solidity_test\\hardhat2_test\\contracts\\mocks\\MockV3Aggregator.sol","s":{},"b":{},"f":{},"fnMap":{},"statementMap":{},"branchMap":{}}}